; Top Design: "Lab_9_HSDD_lib:Q_1:schematic"
; Netlisted using Hierarchy Policy: "Standard"

Options ResourceUsage=yes UseNutmegFormat=no EnableOptim=no TopDesignName="Lab_9_HSDD_lib:Q_1:schematic" DcopOutputNodeVoltages=yes DcopOutputPinCurrents=yes DcopOutputAllSweepPoints=no DcopOutputDcopType=0
model Subst1 Substrate N=2 Er=4 H=59 mil TanD=0.02 T[1]=1.4 mil Cond[1]=1.0E+50 T[2]=1.4 mil Cond[2]=1.0E+50 LayerType[1]="signal" LayerType[2]="ground" DielectricLossModel=1 FreqForEpsrTanD=1.0 GHz LowFreqForTanD=1.0 kHz HighFreqForTanD=1.0 THz RoughnessModel=2 Rough=0 mil Huray_RatioOfA=1 Huray_r=0 um Huray_Aflat=0 um * 1 um Huray_N=14 
PC_Line:TL1  V_TDR V_scope N=1 S=0 Subst="Subst1" Length=6 in W=117 mil tune{ 50 mil to 150 mil by 1 mil } Layer=1 ReuseRLGC=0 W_FileFormat=0 
V_Source:SRC1  N__2 0 Type="VtPulse" V_Tran=erf_pulse(time, 0 V,2 V,0.5 nsec,(2.25*RT_psec) psec,1 nsec,30 nsec,10 nsec) SaveCurrent=1 
R:R1  N__2 V_TDR R=50 Ohm Noise=yes 
R:R2  V_scope 0 R=50 Ohm Noise=yes 

RT_psec=10
aele Z_TDR=50*(V_TDR/(2-V_TDR));
Tran:Tran1 StartTime=0.0 nsec StopTime=5 nsec MaxTimeStep=1.0 psec LimitStepForTL=no TimeStepControl=2 TruncTol=7.0 ChargeTol=1.0e-14 IntegMethod=0 MaxGearOrder=2 \
Mu=0.5 MaxOrder=4 Freq[1]=1.0 GHz Order[1]=3 HB_Window=no \
HB_Sol=no ImpApprox=no ShortTL_Delay=1.0 psec ImpMode=1 UseInitCond=no \
LoadGminDC=no CheckKCL=yes CheckOnlyDeltaV=yes OverloadAlert=no DeviceBypass=no \
MaxIters=10 MaxItersDC=200 DevOpPtLevel=0 StatusLevel=2 OutputAllPoints=yes \
NoiseScale=1 ImpEnforcePassivity=yes ImpSkipTotalEnergy=1000 ImpLFEOn=yes \
OutputPlan="Tran1_Output" 

OutputPlan:Tran1_Output \
      Type="Output" \
      UseNodeNestLevel=yes \
      NodeNestLevel=2 \
      UseEquationNestLevel=yes \
      EquationNestLevel=2 \
      UseSavedEquationNestLevel=yes \
      SavedEquationNestLevel=2 \
      UseDeviceCurrentNestLevel=no \
      DeviceCurrentNestLevel=0 \
      DeviceCurrentDeviceType="All" \
      DeviceCurrentSymSyntax=yes \
      UseCurrentNestLevel=yes \
      CurrentNestLevel=999 \
      UseDeviceVoltageNestLevel=no \
      DeviceVoltageNestLevel=0 \
      DeviceVoltageDeviceType="All"

PC_Line:TL2  N__6 N__7 N=1 S=0 Subst="Subst1" Length=6 in W=117 mil Layer=1 ReuseRLGC=0 W_FileFormat=0 
Port:TermG1  N__6 0 Num=1 Z=50 Ohm Noise=yes 
Port:TermG2  N__7 0 Num=2 Z=50 Ohm Noise=yes 
S_Param:SP1 CalcS=yes CalcY=no CalcZ=no GroupDelayAperture=1e-4 FreqConversion=no FreqConversionPort=1 StatusLevel=2 CalcNoise=no SortNoise=0 BandwidthForNoise=1.0 Hz DevOpPtLevel=0 SPSS_WSP=yes \
SweepVar="freq" SweepPlan="SP1_stim" OutputPlan="SP1_Output" 

SweepPlan: SP1_stim Start=0.1 GHz Stop=10.0 GHz Step=1 MHz 

OutputPlan:SP1_Output \
      Type="Output" \
      UseEquationNestLevel=yes \
      EquationNestLevel=2 \
      UseSavedEquationNestLevel=yes \
      SavedEquationNestLevel=2

#load "python","LinearCollapse"
Component Module="LinearCollapse" Type="ModelExtractor" NetworkRepresentation=2
PC_Line:TL3  N__4 N__5 N=1 S=0 Subst="Subst1" Length=12 in W=117 mil tune{ 50 mil to 150 mil by 1 mil } Layer=1 ReuseRLGC=0 W_FileFormat=0 
Port:TermG3  N__4 0 Num=3 Z=50 Ohm Noise=yes 
Port:TermG4  N__5 0 Num=4 Z=50 Ohm Noise=yes 
PC_Line:TL4  N__9 N__3 N=1 S=0 Subst="Subst1" Length=24 in W=117 mil tune{ 50 mil to 150 mil by 1 mil } Layer=1 ReuseRLGC=0 W_FileFormat=0 
Port:TermG5  N__9 0 Num=5 Z=50 Ohm Noise=yes 
Port:TermG6  N__3 0 Num=6 Z=50 Ohm Noise=yes 
PC_Line:TL5  N__11 N__10 N=1 S=0 Subst="Subst1" Length=36 in W=117 mil tune{ 50 mil to 150 mil by 1 mil } Layer=1 ReuseRLGC=0 W_FileFormat=0 
Port:TermG7  N__11 0 Num=7 Z=50 Ohm Noise=yes 
Port:TermG8  N__10 0 Num=8 Z=50 Ohm Noise=yes 
